SF:lib\data\datasources\remote_data_source.dart
DA:10,1
DA:14,1
DA:16,2
DA:17,2
DA:18,2
DA:21,0
DA:23,0
DA:26,0
DA:28,0
LF:9
LH:5
end_of_record
SF:lib\app\core\errors\failures.dart
DA:4,1
DA:5,1
LF:2
LH:2
end_of_record
SF:lib\app\core\usecases\use_case.dart
DA:10,1
DA:11,1
DA:15,0
DA:20,0
DA:21,0
LF:5
LH:2
end_of_record
SF:lib\data\datasources\local_data_source.dart
DA:20,0
DA:22,0
DA:25,0
DA:26,0
DA:29,0
DA:30,0
DA:31,0
DA:32,0
DA:36,0
DA:40,0
DA:43,0
DA:46,0
DA:47,0
DA:50,0
DA:52,0
DA:53,0
DA:55,0
DA:56,0
DA:57,0
DA:70,0
DA:72,0
DA:74,0
DA:75,0
DA:76,0
DA:78,0
DA:80,0
DA:81,0
DA:83,0
DA:89,0
DA:91,0
DA:92,0
DA:96,3
DA:97,1
DA:103,1
DA:105,1
DA:111,1
DA:113,1
DA:119,1
DA:121,1
DA:127,1
DA:129,1
DA:135,1
DA:137,1
DA:143,1
DA:145,1
DA:153,1
DA:159,1
DA:161,1
DA:167,1
DA:178,1
DA:184,1
DA:186,1
DA:192,1
DA:194,1
DA:200,1
DA:202,1
DA:208,1
LF:57
LH:26
end_of_record
SF:lib\data\models\channel_model.dart
DA:4,1
DA:11,1
DA:19,1
DA:20,1
DA:21,1
DA:22,1
DA:23,1
DA:24,1
DA:25,1
DA:26,2
LF:10
LH:10
end_of_record
SF:lib\data\repositories\channel_repo_impl.dart
DA:13,1
DA:22,1
DA:25,3
DA:26,1
DA:27,2
DA:31,0
DA:34,0
DA:35,0
DA:36,0
DA:37,0
DA:41,1
DA:45,2
DA:46,2
DA:47,1
DA:48,2
DA:52,1
DA:55,2
DA:56,2
DA:57,1
DA:58,2
DA:62,0
DA:65,0
DA:67,0
DA:68,0
DA:69,0
DA:73,0
DA:76,0
DA:77,0
DA:78,0
DA:82,0
DA:85,0
DA:86,0
DA:87,0
DA:91,0
DA:95,0
DA:96,0
DA:97,0
DA:98,0
LF:38
LH:15
end_of_record
SF:lib\domain\entities\channel.dart
DA:4,0
DA:5,0
DA:14,2
LF:3
LH:1
end_of_record
SF:lib\domain\usecases\channel\get_categories.dart
DA:11,1
DA:15,1
DA:17,2
LF:3
LH:3
end_of_record
SF:lib\domain\usecases\channel\get_channels.dart
DA:9,1
DA:14,1
DA:16,2
LF:3
LH:3
end_of_record
